Send POST https://api.jpush.cn/v3/push, body:{"platform":["android"],"audience":{"tag":["102"]},"notification":{"android":{"alert":"\u6d4b\u8bd5createtime","title":"\u8bf7\u53ca\u65f6\u9886\u53d6\u65b0\u4efb\u52a1","extras":{"id":2724,"type":2}}},"options":{"apns_production":false}}, times:1
Send POST https://api.jpush.cn/v3/push, body:{"platform":["android"],"audience":{"tag":["102"]},"notification":{"android":{"alert":"\u6d4b\u8bd5createtime","title":"\u8bf7\u53ca\u65f6\u9886\u53d6\u65b0\u4efb\u52a1","extras":{"id":2725,"type":2}}},"options":{"apns_production":false}}, times:1
Send POST https://api.jpush.cn/v3/push, body:{"platform":["android"],"audience":{"tag":["128"]},"notification":{"android":{"alert":"asdasdf","title":"\u8bf7\u53ca\u65f6\u9886\u53d6\u65b0\u4efb\u52a1","extras":{"id":5335,"type":2}}},"options":{"apns_production":false}}, times:1
Send POST https://api.jpush.cn/v3/push, body:{"platform":["android"],"audience":{"tag":["128"]},"notification":{"android":{"alert":"asdfasdfasdf","title":"\u8bf7\u53ca\u65f6\u9886\u53d6\u65b0\u4efb\u52a1","extras":{"id":5336,"type":2}}},"options":{"apns_production":false}}, times:1
Send POST https://api.jpush.cn/v3/push, body:{"platform":["android"],"audience":{"tag":["129"]},"notification":{"android":{"alert":"asdfasdfasdf","title":"\u8bf7\u53ca\u65f6\u9886\u53d6\u65b0\u4efb\u52a1","extras":{"id":5337,"type":2}}},"options":{"apns_production":false}}, times:1
Send POST https://api.jpush.cn/v3/push, body:{"platform":["android"],"audience":{"tag":["128"]},"notification":{"android":{"alert":"asdfasdfasd","title":"\u8bf7\u53ca\u65f6\u9886\u53d6\u65b0\u4efb\u52a1","extras":{"id":5338,"type":2}}},"options":{"apns_production":false}}, times:1
Send POST https://api.jpush.cn/v3/push, body:{"platform":["android"],"audience":{"tag":["29"]},"notification":{"android":{"alert":"\u6d4b\u8bd5\u901a\u77e5","title":"\u6700\u65b0\u901a\u77e5","extras":{"id":47,"type":1}}},"options":{"apns_production":false}}, times:1
Send POST https://api.jpush.cn/v3/push, body:{"platform":["android"],"audience":{"tag":["128"]},"notification":{"android":{"alert":"\u6d4b\u8bd5\u6d4b\u8bd5","title":"\u6700\u65b0\u901a\u77e5","extras":{"id":48,"type":1}}},"options":{"apns_production":false}}, times:1
Send POST https://api.jpush.cn/v3/push, body:{"platform":["android"],"audience":{"tag":["129"]},"notification":{"android":{"alert":"\u6d4b\u8bd5\u6d4b\u8bd5","title":"\u6700\u65b0\u901a\u77e5","extras":{"id":49,"type":1}}},"options":{"apns_production":false}}, times:1
Send POST https://api.jpush.cn/v3/push, body:{"platform":["android"],"audience":{"tag":["102"]},"notification":{"android":{"alert":"\u6d4b\u8bd5\u6d4b\u8bd5\u6d82\u677e","title":"\u8bf7\u53ca\u65f6\u9886\u53d6\u65b0\u4efb\u52a1","extras":{"id":5339,"type":2}}},"options":{"apns_production":false}}, times:1
Send POST https://api.jpush.cn/v3/push, body:{"platform":["android"],"audience":{"tag":["102"]},"notification":{"android":{"alert":"\u6d4b\u8bd5\u6d4b\u8bd5asd.f.asd","title":"\u8bf7\u53ca\u65f6\u9886\u53d6\u65b0\u4efb\u52a1","extras":{"id":5340,"type":2}}},"options":{"apns_production":false}}, times:1
Send POST https://api.jpush.cn/v3/push, body:{"platform":["android"],"audience":{"tag":["125"]},"notification":{"android":{"alert":"\u6d4b\u8bd5\u6d4b\u8bd5asd.f.asd","title":"\u8bf7\u53ca\u65f6\u9886\u53d6\u65b0\u4efb\u52a1","extras":{"id":5341,"type":2}}},"options":{"apns_production":false}}, times:1
Send POST https://api.jpush.cn/v3/push, body:{"platform":["android"],"audience":{"tag":["102"]},"notification":{"android":{"alert":"\u6d4b\u8bd5\u4efb\u52a1","title":"\u8bf7\u53ca\u65f6\u9886\u53d6\u65b0\u4efb\u52a1","extras":{"id":5342,"type":2}}},"options":{"apns_production":false}}, times:1
Send POST https://api.jpush.cn/v3/push, body:{"platform":["android"],"audience":{"tag":["125"]},"notification":{"android":{"alert":"\u6d4b\u8bd5\u4efb\u52a1","title":"\u8bf7\u53ca\u65f6\u9886\u53d6\u65b0\u4efb\u52a1","extras":{"id":5343,"type":2}}},"options":{"apns_production":false}}, times:1
Send POST https://api.jpush.cn/v3/push, body:{"platform":["android"],"audience":{"tag":["102"]},"notification":{"android":{"alert":"\u6d4b\u8bd5\u4efb\u52a1","title":"\u8bf7\u53ca\u65f6\u9886\u53d6\u65b0\u4efb\u52a1","extras":{"id":5344,"type":2}}},"options":{"apns_production":false}}, times:1
Send POST https://api.jpush.cn/v3/push, body:{"platform":["android"],"audience":{"tag":["125"]},"notification":{"android":{"alert":"\u6d4b\u8bd5\u4efb\u52a1","title":"\u8bf7\u53ca\u65f6\u9886\u53d6\u65b0\u4efb\u52a1","extras":{"id":5345,"type":2}}},"options":{"apns_production":false}}, times:1
Send POST https://api.jpush.cn/v3/push, body:{"platform":["android"],"audience":{"tag":["102"]},"notification":{"android":{"alert":"\u6d4b\u8bd5\u3002\u3002\u7231\u4e0a\u4e86\u90fd\u5feb\u653e\u5047\u7231\u4e0a","title":"\u8bf7\u53ca\u65f6\u9886\u53d6\u65b0\u4efb\u52a1","extras":{"id":"2357","type":3}}},"options":{"apns_production":false}}, times:1
Send POST https://api.jpush.cn/v3/push, body:{"platform":["android"],"audience":{"tag":["102"]},"notification":{"android":{"alert":"asdjl asldjflasdjf ","title":"\u8bf7\u53ca\u65f6\u9886\u53d6\u65b0\u4efb\u52a1","extras":{"id":5346,"type":2}}},"options":{"apns_production":false}}, times:1
Send POST https://api.jpush.cn/v3/push, body:{"platform":["android"],"audience":{"tag":["102"]},"notification":{"android":{"alert":"\u6d4b\u8bd5\u3002\u3002\u7231\u4e0a\u4e86\u90fd\u5feb\u653e\u5047\u7231\u4e0a","title":"\u62a5\u9001\u4efb\u52a1\u88ab\u9000\u56de","extras":{"id":"2357","type":3}}},"options":{"apns_production":false}}, times:1
Send POST https://api.jpush.cn/v3/push, body:{"platform":["android"],"audience":{"tag":[""]},"notification":{"android":{"alert":"\u54fc\u54fc\u5527\u5527\u5c31\u5c31\u7ecf\u6d4e\u5b66\u5bb6","title":"\u62a5\u9001\u4efb\u52a1\u88ab\u9000\u56de","extras":{"id":"2357","type":3}}},"options":{"apns_production":false}}, times:1
Send POST https://api.jpush.cn/v3/push, body:{"platform":["android"],"audience":{"tag":["102"]},"notification":{"android":{"alert":"\u6d4b\u8bd5\u3002\u3002\u7231\u4e0a\u4e86\u90fd\u5feb\u653e\u5047\u7231\u4e0a","title":"\u62a5\u9001\u4efb\u52a1\u88ab\u9000\u56de","extras":{"id":"2357","type":3}}},"options":{"apns_production":false}}, times:1
Send POST https://api.jpush.cn/v3/push, body:{"platform":["android"],"audience":{"tag":["102"]},"notification":{"android":{"alert":"\u54fc\u54fc\u5527\u5527\u5c31\u5c31\u7ecf\u6d4e\u5b66\u5bb6","title":"\u62a5\u9001\u4efb\u52a1\u88ab\u9000\u56de","extras":{"id":"2357","type":3}}},"options":{"apns_production":false}}, times:1
